<?xml version="1.0" encoding="UTF-8"?>
<!-- Generated by org.testng.reporters.JUnitXMLReporter -->
<testsuite ignored="0" hostname="LAPTOP-AF2R86FI" failures="1" tests="1" name="Test firefox" time="0.066" errors="0" timestamp="2022-12-08T16:00:04 IST">
  <testcase classname="com.qa.testscripts.TestBase" name="@BeforeClass Setup" time="-1.670495404525E9">
    <failure type="org.testng.TestNGException" message="
Parameter &amp;apos;Browser&amp;apos; is required by BeforeClass on method Setup but has not been marked @Optional or defined
in C:\Users\abirami s s\eclipse-workspace\selenium\testng.xml">
      <![CDATA[org.testng.TestNGException: 
Parameter 'Browser' is required by BeforeClass on method Setup but has not been marked @Optional or defined
in C:\Users\abirami s s\eclipse-workspace\selenium\testng.xml
at java.base/java.util.concurrent.ThreadPoolExecutor.runWorker(ThreadPoolExecutor.java:1130)
at java.base/java.util.concurrent.ThreadPoolExecutor$Worker.run(ThreadPoolExecutor.java:630)
at java.base/java.lang.Thread.run(Thread.java:831)
... Removed 7 stack frames]]>
    </failure>
  </testcase> <!-- @BeforeClass Setup -->
  <testcase classname="com.qa.testscripts.TestBase" name="@AfterClass TearDown" time="-1.670495404568E9">
    <skipped/>
  </testcase> <!-- @AfterClass TearDown -->
  <testcase classname="com.qa.testscripts.TC_Search_001" name="Search" time="0.0">
    <failure type="org.testng.TestNGException" message="
Parameter &amp;apos;Browser&amp;apos; is required by @Test on method Search but has not been marked @Optional or defined
in C:\Users\abirami s s\eclipse-workspace\selenium\testng.xml">
      <![CDATA[org.testng.TestNGException: 
Parameter 'Browser' is required by @Test on method Search but has not been marked @Optional or defined
in C:\Users\abirami s s\eclipse-workspace\selenium\testng.xml
at java.base/java.util.concurrent.ThreadPoolExecutor.runWorker(ThreadPoolExecutor.java:1130)
at java.base/java.util.concurrent.ThreadPoolExecutor$Worker.run(ThreadPoolExecutor.java:630)
at java.base/java.lang.Thread.run(Thread.java:831)
... Removed 11 stack frames]]>
    </failure>
  </testcase> <!-- Search -->
</testsuite> <!-- Test firefox -->
